<?xml version="1.0" encoding="UTF-8"?>
<!-- Generated by org.testng.reporters.JUnitXMLReporter -->
<testsuite ignored="0" hostname="Franciss-MacBook-Pro.local" failures="0" tests="6" name="Projects" time="7.933" errors="0" timestamp="2022-07-22T11:17:19 CDT">
  <testcase classname="api_demo.ProjectScenarios" name="createProject_checkStatusCodeAndResponseContent" time="2.578"/>
  <testcase classname="api_demo.ProjectScenarios" name="createProject_negativeScenario_badRequest" time="0.481"/>
  <testcase classname="api_demo.ProjectScenarios" name="deleteProject_checkStatusCode" time="0.926"/>
  <testcase classname="api_demo.ProjectScenarios" name="getAProject_checkStatusCodeAndResponseContent" time="1.637"/>
  <testcase classname="api_demo.ProjectScenarios" name="getProjects_checkStatusCodeAndResponseSize" time="1.704"/>
  <testcase classname="api_demo.ProjectScenarios" name="updateProject_checkStatusCode" time="0.332"/>
</testsuite> <!-- Projects -->
