<?xml version="1.0" encoding="UTF-8"?>
<!-- Generated by org.testng.reporters.JUnitXMLReporter -->
<testsuite ignored="0" hostname="Franciss-MacBook-Pro.local" failures="0" tests="6" name="Projects" time="4.685" errors="0" timestamp="2022-08-03T17:05:27 CDT">
  <testcase classname="api_demo.ProjectScenarios" name="getProjects_checkStatusCodeAndResponseSize" time="1.26"/>
  <testcase classname="api_demo.ProjectScenarios" name="createProject_checkStatusCodeAndResponseContent" time="0.888"/>
  <testcase classname="api_demo.ProjectScenarios" name="getAProject_checkStatusCodeAndResponseContent" time="0.53"/>
  <testcase classname="api_demo.ProjectScenarios" name="updateProject_checkStatusCode" time="0.611"/>
  <testcase classname="api_demo.ProjectScenarios" name="deleteProject_checkStatusCode" time="0.644"/>
  <testcase classname="api_demo.ProjectScenarios" name="createProject_negativeScenario_badRequest" time="0.503"/>
</testsuite> <!-- Projects -->
