<?xml version="1.0" encoding="UTF-8"?>
<!-- Generated by org.testng.reporters.JUnitXMLReporter -->
<testsuite ignored="0" hostname="Franciss-MacBook-Pro.local" failures="0" tests="6" name="Tasks" time="4.942" errors="0" timestamp="2022-07-22T11:17:24 CDT">
  <testcase classname="api_demo.TaskScenarios" name="createTasks_negativeScenario_badRequest" time="0.159"/>
  <testcase classname="api_demo.TaskScenarios" name="getAllActiveTasks_checkStatusCodeAndResponseSize" time="2.038"/>
  <testcase classname="api_demo.TaskScenarios" name="getAnActiveTasks_checkStatusCode" time="0.28"/>
  <testcase classname="api_demo.TaskScenarios" name="createTasks_checkStatusCodeAndResponseContent" time="0.38"/>
  <testcase classname="api_demo.TaskScenarios" name="updateTasks_checkStatusCode" time="1.521"/>
  <testcase classname="api_demo.TaskScenarios" name="deleteTasks_checkStatusCodeAndResponseContent" time="0.557"/>
</testsuite> <!-- Tasks -->
