<?xml version="1.0" encoding="UTF-8"?>
<!-- Generated by org.testng.reporters.JUnitXMLReporter -->
<testsuite ignored="0" hostname="Franciss-MacBook-Pro.local" failures="0" tests="6" name="Tasks" time="2.832" errors="0" timestamp="2022-08-03T17:05:30 CDT">
  <testcase classname="api_demo.TaskScenarios" name="getAllActiveTasks_checkStatusCodeAndResponseSize" time="0.484"/>
  <testcase classname="api_demo.TaskScenarios" name="createTasks_checkStatusCodeAndResponseContent" time="0.716"/>
  <testcase classname="api_demo.TaskScenarios" name="getAnActiveTasks_checkStatusCode" time="0.508"/>
  <testcase classname="api_demo.TaskScenarios" name="updateTasks_checkStatusCode" time="0.382"/>
  <testcase classname="api_demo.TaskScenarios" name="deleteTasks_checkStatusCodeAndResponseContent" time="0.394"/>
  <testcase classname="api_demo.TaskScenarios" name="createTasks_negativeScenario_badRequest" time="0.34"/>
</testsuite> <!-- Tasks -->
