<?xml version="1.0" encoding="UTF-8"?>
<testng-results ignored="0" total="12" passed="12" failed="0" skipped="0">
  <reporter-output>
  </reporter-output>
  <suite started-at="2022-07-22T11:17:11 CDT" name="Rest Assured testing" finished-at="2022-07-22T11:17:24 CDT" duration-ms="12886">
    <groups>
    </groups>
    <test started-at="2022-07-22T11:17:11 CDT" name="Projects" finished-at="2022-07-22T11:17:19 CDT" duration-ms="7933">
      <class name="api_demo.ProjectScenarios">
        <test-method is-config="true" signature="createRequestSpecification()[pri:0, instance:api_demo.ProjectScenarios@3ee37e5a]" started-at="2022-07-22T11:17:11 CDT" name="createRequestSpecification" finished-at="2022-07-22T11:17:12 CDT" duration-ms="243" status="PASS">
          <reporter-output>
          </reporter-output>
        </test-method> <!-- createRequestSpecification -->
        <test-method is-config="true" signature="createResponseSpecification()[pri:0, instance:api_demo.ProjectScenarios@3ee37e5a]" started-at="2022-07-22T11:17:12 CDT" name="createResponseSpecification" finished-at="2022-07-22T11:17:12 CDT" duration-ms="11" status="PASS">
          <reporter-output>
          </reporter-output>
        </test-method> <!-- createResponseSpecification -->
        <test-method signature="createProject_checkStatusCodeAndResponseContent()[pri:0, instance:api_demo.ProjectScenarios@3ee37e5a]" started-at="2022-07-22T11:17:12 CDT" name="createProject_checkStatusCodeAndResponseContent" finished-at="2022-07-22T11:17:14 CDT" duration-ms="2578" status="PASS">
          <reporter-output>
          </reporter-output>
        </test-method> <!-- createProject_checkStatusCodeAndResponseContent -->
        <test-method signature="createProject_negativeScenario_badRequest()[pri:0, instance:api_demo.ProjectScenarios@3ee37e5a]" started-at="2022-07-22T11:17:14 CDT" name="createProject_negativeScenario_badRequest" finished-at="2022-07-22T11:17:15 CDT" duration-ms="481" status="PASS">
          <reporter-output>
          </reporter-output>
        </test-method> <!-- createProject_negativeScenario_badRequest -->
        <test-method signature="deleteProject_checkStatusCode()[pri:0, instance:api_demo.ProjectScenarios@3ee37e5a]" started-at="2022-07-22T11:17:15 CDT" name="deleteProject_checkStatusCode" finished-at="2022-07-22T11:17:16 CDT" duration-ms="926" status="PASS">
          <reporter-output>
          </reporter-output>
        </test-method> <!-- deleteProject_checkStatusCode -->
        <test-method signature="getAProject_checkStatusCodeAndResponseContent()[pri:0, instance:api_demo.ProjectScenarios@3ee37e5a]" started-at="2022-07-22T11:17:16 CDT" name="getAProject_checkStatusCodeAndResponseContent" finished-at="2022-07-22T11:17:17 CDT" duration-ms="1637" status="PASS">
          <reporter-output>
          </reporter-output>
        </test-method> <!-- getAProject_checkStatusCodeAndResponseContent -->
        <test-method signature="getProjects_checkStatusCodeAndResponseSize()[pri:0, instance:api_demo.ProjectScenarios@3ee37e5a]" started-at="2022-07-22T11:17:17 CDT" name="getProjects_checkStatusCodeAndResponseSize" finished-at="2022-07-22T11:17:19 CDT" duration-ms="1704" status="PASS">
          <reporter-output>
          </reporter-output>
        </test-method> <!-- getProjects_checkStatusCodeAndResponseSize -->
        <test-method signature="updateProject_checkStatusCode()[pri:0, instance:api_demo.ProjectScenarios@3ee37e5a]" started-at="2022-07-22T11:17:19 CDT" name="updateProject_checkStatusCode" finished-at="2022-07-22T11:17:19 CDT" duration-ms="332" status="PASS">
          <reporter-output>
          </reporter-output>
        </test-method> <!-- updateProject_checkStatusCode -->
      </class> <!-- api_demo.ProjectScenarios -->
    </test> <!-- Projects -->
    <test started-at="2022-07-22T11:17:19 CDT" name="Tasks" finished-at="2022-07-22T11:17:24 CDT" duration-ms="4942">
      <class name="api_demo.TaskScenarios">
        <test-method is-config="true" signature="createRequestSpecification()[pri:0, instance:api_demo.TaskScenarios@121314f7]" started-at="2022-07-22T11:17:19 CDT" name="createRequestSpecification" finished-at="2022-07-22T11:17:19 CDT" duration-ms="1" status="PASS">
          <reporter-output>
          </reporter-output>
        </test-method> <!-- createRequestSpecification -->
        <test-method signature="createTasks_negativeScenario_badRequest()[pri:0, instance:api_demo.TaskScenarios@121314f7]" started-at="2022-07-22T11:17:19 CDT" name="createTasks_negativeScenario_badRequest" finished-at="2022-07-22T11:17:19 CDT" duration-ms="159" status="PASS">
          <reporter-output>
          </reporter-output>
        </test-method> <!-- createTasks_negativeScenario_badRequest -->
        <test-method is-config="true" signature="createResponseSpecification()[pri:0, instance:api_demo.TaskScenarios@121314f7]" started-at="2022-07-22T11:17:19 CDT" name="createResponseSpecification" finished-at="2022-07-22T11:17:19 CDT" duration-ms="0" status="PASS">
          <reporter-output>
          </reporter-output>
        </test-method> <!-- createResponseSpecification -->
        <test-method signature="getAllActiveTasks_checkStatusCodeAndResponseSize()[pri:1, instance:api_demo.TaskScenarios@121314f7]" started-at="2022-07-22T11:17:19 CDT" name="getAllActiveTasks_checkStatusCodeAndResponseSize" finished-at="2022-07-22T11:17:22 CDT" duration-ms="2038" status="PASS">
          <reporter-output>
          </reporter-output>
        </test-method> <!-- getAllActiveTasks_checkStatusCodeAndResponseSize -->
        <test-method signature="getAnActiveTasks_checkStatusCode()[pri:2, instance:api_demo.TaskScenarios@121314f7]" started-at="2022-07-22T11:17:22 CDT" name="getAnActiveTasks_checkStatusCode" finished-at="2022-07-22T11:17:22 CDT" duration-ms="280" status="PASS">
          <reporter-output>
          </reporter-output>
        </test-method> <!-- getAnActiveTasks_checkStatusCode -->
        <test-method signature="createTasks_checkStatusCodeAndResponseContent()[pri:3, instance:api_demo.TaskScenarios@121314f7]" started-at="2022-07-22T11:17:22 CDT" name="createTasks_checkStatusCodeAndResponseContent" finished-at="2022-07-22T11:17:22 CDT" duration-ms="380" status="PASS">
          <reporter-output>
          </reporter-output>
        </test-method> <!-- createTasks_checkStatusCodeAndResponseContent -->
        <test-method signature="updateTasks_checkStatusCode()[pri:4, instance:api_demo.TaskScenarios@121314f7]" started-at="2022-07-22T11:17:22 CDT" name="updateTasks_checkStatusCode" finished-at="2022-07-22T11:17:24 CDT" duration-ms="1521" status="PASS">
          <reporter-output>
          </reporter-output>
        </test-method> <!-- updateTasks_checkStatusCode -->
        <test-method signature="deleteTasks_checkStatusCodeAndResponseContent()[pri:5, instance:api_demo.TaskScenarios@121314f7]" started-at="2022-07-22T11:17:24 CDT" name="deleteTasks_checkStatusCodeAndResponseContent" finished-at="2022-07-22T11:17:24 CDT" duration-ms="557" status="PASS">
          <reporter-output>
          </reporter-output>
        </test-method> <!-- deleteTasks_checkStatusCodeAndResponseContent -->
      </class> <!-- api_demo.TaskScenarios -->
    </test> <!-- Tasks -->
  </suite> <!-- Rest Assured testing -->
</testng-results>
