<?xml version="1.0" encoding="UTF-8"?>
<testsuite xmlns:xsi="http://www.w3.org/2001/XMLSchema-instance" xsi:noNamespaceSchemaLocation="https://maven.apache.org/surefire/maven-surefire-plugin/xsd/surefire-test-report.xsd" name="TestSuite" time="13.134" tests="12" errors="0" skipped="0" failures="0">
  <properties>
[...]
</properties>
  <testcase name="createProject_checkStatusCodeAndResponseContent" classname="api_demo.ProjectScenarios" time="2.579"/>
  <testcase name="createProject_negativeScenario_badRequest" classname="api_demo.ProjectScenarios" time="0.48"/>
  <testcase name="deleteProject_checkStatusCode" classname="api_demo.ProjectScenarios" time="0.927"/>
  <testcase name="getAProject_checkStatusCodeAndResponseContent" classname="api_demo.ProjectScenarios" time="1.637"/>
  <testcase name="getProjects_checkStatusCodeAndResponseSize" classname="api_demo.ProjectScenarios" time="1.705"/>
  <testcase name="updateProject_checkStatusCode" classname="api_demo.ProjectScenarios" time="0.332"/>
  <testcase name="createTasks_negativeScenario_badRequest" classname="api_demo.TaskScenarios" time="0.16"/>
  <testcase name="getAllActiveTasks_checkStatusCodeAndResponseSize" classname="api_demo.TaskScenarios" time="2.039"/>
  <testcase name="getAnActiveTasks_checkStatusCode" classname="api_demo.TaskScenarios" time="0.28"/>
  <testcase name="createTasks_checkStatusCodeAndResponseContent" classname="api_demo.TaskScenarios" time="0.38"/>
  <testcase name="updateTasks_checkStatusCode" classname="api_demo.TaskScenarios" time="1.522"/>
  <testcase name="deleteTasks_checkStatusCodeAndResponseContent" classname="api_demo.TaskScenarios" time="0.556"/>
</testsuite>