<?xml version="1.0" encoding="UTF-8"?>
<testng-results ignored="0" total="12" passed="12" failed="0" skipped="0">
  <reporter-output>
  </reporter-output>
  <suite started-at="2022-08-03T17:05:22 CDT" name="Rest Assured testing" finished-at="2022-08-03T17:05:30 CDT" duration-ms="7748">
    <groups>
    </groups>
    <test started-at="2022-08-03T17:05:22 CDT" name="Projects" finished-at="2022-08-03T17:05:26 CDT" duration-ms="4685">
      <class name="api_demo.ProjectScenarios">
        <test-method is-config="true" signature="createRequestSpecification()[pri:0, instance:api_demo.ProjectScenarios@2ea41516]" started-at="2022-08-03T17:05:22 CDT" name="createRequestSpecification" finished-at="2022-08-03T17:05:22 CDT" duration-ms="220" status="PASS">
          <reporter-output>
          </reporter-output>
        </test-method> <!-- createRequestSpecification -->
        <test-method is-config="true" signature="createResponseSpecification()[pri:0, instance:api_demo.ProjectScenarios@2ea41516]" started-at="2022-08-03T17:05:22 CDT" name="createResponseSpecification" finished-at="2022-08-03T17:05:22 CDT" duration-ms="9" status="PASS">
          <reporter-output>
          </reporter-output>
        </test-method> <!-- createResponseSpecification -->
        <test-method signature="getProjects_checkStatusCodeAndResponseSize()[pri:1, instance:api_demo.ProjectScenarios@2ea41516]" started-at="2022-08-03T17:05:22 CDT" name="getProjects_checkStatusCodeAndResponseSize" finished-at="2022-08-03T17:05:23 CDT" duration-ms="1260" status="PASS">
          <reporter-output>
          </reporter-output>
        </test-method> <!-- getProjects_checkStatusCodeAndResponseSize -->
        <test-method signature="createProject_checkStatusCodeAndResponseContent()[pri:2, instance:api_demo.ProjectScenarios@2ea41516]" started-at="2022-08-03T17:05:23 CDT" name="createProject_checkStatusCodeAndResponseContent" finished-at="2022-08-03T17:05:24 CDT" duration-ms="888" status="PASS">
          <reporter-output>
          </reporter-output>
        </test-method> <!-- createProject_checkStatusCodeAndResponseContent -->
        <test-method signature="getAProject_checkStatusCodeAndResponseContent()[pri:3, instance:api_demo.ProjectScenarios@2ea41516]" started-at="2022-08-03T17:05:24 CDT" name="getAProject_checkStatusCodeAndResponseContent" finished-at="2022-08-03T17:05:25 CDT" duration-ms="530" status="PASS">
          <reporter-output>
          </reporter-output>
        </test-method> <!-- getAProject_checkStatusCodeAndResponseContent -->
        <test-method signature="updateProject_checkStatusCode()[pri:4, instance:api_demo.ProjectScenarios@2ea41516]" started-at="2022-08-03T17:05:25 CDT" name="updateProject_checkStatusCode" finished-at="2022-08-03T17:05:25 CDT" duration-ms="611" status="PASS">
          <reporter-output>
          </reporter-output>
        </test-method> <!-- updateProject_checkStatusCode -->
        <test-method signature="deleteProject_checkStatusCode()[pri:5, instance:api_demo.ProjectScenarios@2ea41516]" started-at="2022-08-03T17:05:25 CDT" name="deleteProject_checkStatusCode" finished-at="2022-08-03T17:05:26 CDT" duration-ms="644" status="PASS">
          <reporter-output>
          </reporter-output>
        </test-method> <!-- deleteProject_checkStatusCode -->
        <test-method signature="createProject_negativeScenario_badRequest()[pri:6, instance:api_demo.ProjectScenarios@2ea41516]" started-at="2022-08-03T17:05:26 CDT" name="createProject_negativeScenario_badRequest" finished-at="2022-08-03T17:05:26 CDT" duration-ms="503" status="PASS">
          <reporter-output>
          </reporter-output>
        </test-method> <!-- createProject_negativeScenario_badRequest -->
      </class> <!-- api_demo.ProjectScenarios -->
    </test> <!-- Projects -->
    <test started-at="2022-08-03T17:05:27 CDT" name="Tasks" finished-at="2022-08-03T17:05:30 CDT" duration-ms="2832">
      <class name="api_demo.TaskScenarios">
        <test-method is-config="true" signature="createRequestSpecification()[pri:0, instance:api_demo.TaskScenarios@121314f7]" started-at="2022-08-03T17:05:27 CDT" name="createRequestSpecification" finished-at="2022-08-03T17:05:27 CDT" duration-ms="1" status="PASS">
          <reporter-output>
          </reporter-output>
        </test-method> <!-- createRequestSpecification -->
        <test-method signature="getAllActiveTasks_checkStatusCodeAndResponseSize()[pri:1, instance:api_demo.TaskScenarios@121314f7]" started-at="2022-08-03T17:05:27 CDT" name="getAllActiveTasks_checkStatusCodeAndResponseSize" finished-at="2022-08-03T17:05:27 CDT" duration-ms="484" status="PASS">
          <reporter-output>
          </reporter-output>
        </test-method> <!-- getAllActiveTasks_checkStatusCodeAndResponseSize -->
        <test-method is-config="true" signature="createResponseSpecification()[pri:0, instance:api_demo.TaskScenarios@121314f7]" started-at="2022-08-03T17:05:27 CDT" name="createResponseSpecification" finished-at="2022-08-03T17:05:27 CDT" duration-ms="0" status="PASS">
          <reporter-output>
          </reporter-output>
        </test-method> <!-- createResponseSpecification -->
        <test-method signature="createTasks_checkStatusCodeAndResponseContent()[pri:2, instance:api_demo.TaskScenarios@121314f7]" started-at="2022-08-03T17:05:27 CDT" name="createTasks_checkStatusCodeAndResponseContent" finished-at="2022-08-03T17:05:28 CDT" duration-ms="716" status="PASS">
          <reporter-output>
          </reporter-output>
        </test-method> <!-- createTasks_checkStatusCodeAndResponseContent -->
        <test-method signature="getAnActiveTasks_checkStatusCode()[pri:3, instance:api_demo.TaskScenarios@121314f7]" started-at="2022-08-03T17:05:28 CDT" name="getAnActiveTasks_checkStatusCode" finished-at="2022-08-03T17:05:28 CDT" duration-ms="508" status="PASS">
          <reporter-output>
          </reporter-output>
        </test-method> <!-- getAnActiveTasks_checkStatusCode -->
        <test-method signature="updateTasks_checkStatusCode()[pri:4, instance:api_demo.TaskScenarios@121314f7]" started-at="2022-08-03T17:05:28 CDT" name="updateTasks_checkStatusCode" finished-at="2022-08-03T17:05:29 CDT" duration-ms="382" status="PASS">
          <reporter-output>
          </reporter-output>
        </test-method> <!-- updateTasks_checkStatusCode -->
        <test-method signature="deleteTasks_checkStatusCodeAndResponseContent()[pri:5, instance:api_demo.TaskScenarios@121314f7]" started-at="2022-08-03T17:05:29 CDT" name="deleteTasks_checkStatusCodeAndResponseContent" finished-at="2022-08-03T17:05:29 CDT" duration-ms="394" status="PASS">
          <reporter-output>
          </reporter-output>
        </test-method> <!-- deleteTasks_checkStatusCodeAndResponseContent -->
        <test-method signature="createTasks_negativeScenario_badRequest()[pri:6, instance:api_demo.TaskScenarios@121314f7]" started-at="2022-08-03T17:05:29 CDT" name="createTasks_negativeScenario_badRequest" finished-at="2022-08-03T17:05:30 CDT" duration-ms="340" status="PASS">
          <reporter-output>
          </reporter-output>
        </test-method> <!-- createTasks_negativeScenario_badRequest -->
      </class> <!-- api_demo.TaskScenarios -->
    </test> <!-- Tasks -->
  </suite> <!-- Rest Assured testing -->
</testng-results>
